Arguments: 
  /usr/bin/node /usr/share/yarn/bin/yarn.js install --no-lockfile

PATH: 
  /var/opt/rails/bin:/var/opt/httpserver/bin:/var/opt/atom/bin:/var/opt/shotgun/bin:/var/opt/rackup/bin:/var/opt/jekyll/bin:/usr/local/rvm/gems/ruby-2.6.1/bin:/usr/local/rvm/gems/ruby-2.6.1@global/bin:/usr/local/rvm/rubies/ruby-2.6.1/bin:/usr/local/sbin:/usr/local/bin:/usr/sbin:/usr/bin:/sbin:/bin:/usr/local/rvm/bin

Yarn version: 
  1.19.1

Node version: 
  8.16.2

Platform: 
  linux x64

Trace: 
  Error: https://registry.yarnpkg.com/regexpu-core/-/regexpu-core-4.7.1.tgz: Request failed "502 Bad Gateway"
      at ResponseError.ExtendableBuiltin (/usr/share/yarn/lib/cli.js:696:66)
      at new ResponseError (/usr/share/yarn/lib/cli.js:802:124)
      at Request.<anonymous> (/usr/share/yarn/lib/cli.js:66996:16)
      at emitOne (events.js:116:13)
      at Request.emit (events.js:211:7)
      at Request.module.exports.Request.onRequestResponse (/usr/share/yarn/lib/cli.js:141441:10)
      at emitOne (events.js:116:13)
      at ClientRequest.emit (events.js:211:7)
      at HTTPParser.parserOnIncomingClient (_http_client.js:552:21)
      at HTTPParser.parserOnHeadersComplete (_http_common.js:119:17)

npm manifest: 
  {
    "name": "javascript-lab",
    "version": "1.0.0",
    "description": "A JavaScript lab",
    "main": "index.js",
    "scripts": {
      "test": "mocha -R mocha-multi --reporter-options spec=-,json=.results.json"
    },
    "author": "flatironschool",
    "license": "Included in Repo",
    "dependencies": {
      "@babel/core": "^7.4.5",
      "@babel/preset-env": "^7.4.5",
      "chai": "^4.2.0",
      "file-system": "^2.2.2",
      "jsdom": "^9.0",
      "mocha": "^5.2.0",
      "mocha-jsdom": "~1.1.0",
      "mocha-multi": "^1.0.1"
    }
  }

yarn manifest: 
  No manifest

Lockfile: 
  No lockfile
